<?xml version="1.0" encoding="UTF-8"?>
<!-- Generated by org.testng.reporters.JUnitReportReporter -->
<testsuite skipped="0" hostname="IGSA937002-PC" name="aPIActions.PaymentStatusCode200Scenario" tests="2" failures="0" timestamp="2021-08-04T17:35:39 AEST" time="6.583" errors="0">
  <testcase name="getAcesstoken" time="5.756" classname="aPIActions.PaymentStatusCode200Scenario"/>
  <system-out/>
  <testcase name="authorizePayment" time="0.827" classname="aPIActions.PaymentStatusCode200Scenario"/>
  <system-out/>
</testsuite> <!-- aPIActions.PaymentStatusCode200Scenario -->
